============================================================
  Generated by:           Genus(TM) Synthesis Solution 17.22-s017_1
  Generated on:           Jul 03 2024  03:08:15 pm
  Module:                 CAN_Controller
  Technology library:     slow 
  Operating conditions:   slow (balanced_tree)
  Wireload mode:          enclosed
  Area mode:              timing library
============================================================

                              
   Gate    Instances   Area   Library 
--------------------------------------
AO22XL             1    7.569    slow 
AOI211X1           2   10.597    slow 
AOI222XL           2   16.652    slow 
AOI22X1            6   36.331    slow 
AOI22XL            1    6.055    slow 
AOI31X1            1    6.055    slow 
AOI31XL            1    6.055    slow 
AOI32X1            2   13.624    slow 
CLKINVX1           5   11.354    slow 
DFFRHQX1           1   20.436    slow 
DFFRX1             3   65.850    slow 
DFFSHQX1           1   21.193    slow 
INVXL              3    6.812    slow 
MXI2XL             1    6.055    slow 
NAND2XL            9   27.248    slow 
NAND4XL            1    5.298    slow 
NOR2BX1            2    9.083    slow 
NOR2X2             1    6.055    slow 
NOR2XL             4   12.110    slow 
OAI211X1           1    5.298    slow 
OAI211XL           1    5.298    slow 
OAI21X1            1    4.541    slow 
OAI2BB1X1          1    5.298    slow 
OAI2BB1XL          2   10.597    slow 
OR4XL              1    6.812    slow 
SDFFQXL           19  388.290    slow 
SDFFRHQX1          3   74.933    slow 
--------------------------------------
total             76  795.502         


                                        
     Type      Instances   Area  Area % 
----------------------------------------
sequential            27 570.703   71.7 
inverter               8  18.166    2.3 
logic                 41 206.634   26.0 
physical_cells         0   0.000    0.0 
----------------------------------------
total                 76 795.502  100.0 


