============================================================
  Generated by:           Genus(TM) Synthesis Solution 17.22-s017_1
  Generated on:           Jul 03 2024  03:08:15 pm
  Module:                 CAN_Controller
  Operating conditions:   slow (balanced_tree)
  Wireload mode:          enclosed
  Area mode:              timing library
============================================================


Path 1: MET (32 ps) Setup Check with Pin data_reg_reg[4]/CK->SE
          Group: clk
     Startpoint: (R) send
          Clock: (R) clk
       Endpoint: (R) data_reg_reg[4]/SE
          Clock: (R) clk

                     Capture       Launch     
        Clock Edge:+    2000            0     
       Src Latency:+       0            0     
       Net Latency:+       0 (I)        0 (I) 
           Arrival:=    2000            0     
                                              
             Setup:-     333                  
       Uncertainty:-      10                  
     Required Time:=    1657                  
      Launch Clock:-       0                  
       Input Delay:-    1000                  
         Data Path:-     625                  
             Slack:=      32                  

Exceptions/Constraints:
  input_delay             1000            constraints_top.sdc_line_8 

#-------------------------------------------------------------------------------------------
#   Timing Point     Flags   Arc   Edge   Cell     Fanout Load Trans Delay Arrival Instance 
#                                                         (fF)  (ps)  (ps)   (ps)  Location 
#-------------------------------------------------------------------------------------------
  send               -       -     R     (arrival)      2  4.5     0     0    1000    (-,-) 
  g2003__4296/Y      -       B->Y  F     NAND2XL        2  8.3   241   156    1156    (-,-) 
  g1996__2703/Y      -       B->Y  R     NOR2X2        19 70.3   584   469    1625    (-,-) 
  data_reg_reg[4]/SE <<<     -     R     SDFFQXL       19    -     -     0    1625    (-,-) 
#-------------------------------------------------------------------------------------------


